[13-May-2025 07:29:58 UTC] PHP Fatal error:  Uncaught Error: Class "Database" not found in /var/www/Real-Estate/includes/init.php:22
Stack trace:
#0 /var/www/Real-Estate/index.php(2): require_once()
#1 {main}
  thrown in /var/www/Real-Estate/includes/init.php on line 22
[13-May-2025 07:30:01 UTC] PHP Fatal error:  Uncaught Error: Class "Database" not found in /var/www/Real-Estate/includes/init.php:22
Stack trace:
#0 /var/www/Real-Estate/index.php(2): require_once()
#1 {main}
  thrown in /var/www/Real-Estate/includes/init.php on line 22
[13-May-2025 07:30:10 UTC] PHP Fatal error:  Uncaught Error: Class "Database" not found in /var/www/Real-Estate/includes/init.php:22
Stack trace:
#0 /var/www/Real-Estate/index.php(2): require_once()
#1 {main}
  thrown in /var/www/Real-Estate/includes/init.php on line 22
[13-May-2025 07:30:17 UTC] PHP Fatal error:  Uncaught Error: Class "Database" not found in /var/www/Real-Estate/includes/init.php:22
Stack trace:
#0 /var/www/Real-Estate/index.php(2): require_once()
#1 {main}
  thrown in /var/www/Real-Estate/includes/init.php on line 22
